app/build/intermediates/manifest_merge_blame_file/debug/manifest-merger-blame-debug-report.txt
1<?xml version="1.0" encoding="utf-8"?>
2<manifest xmlns:android="http://schemas.android.com/apk/res/android"
3    package="com.juliovazquez.hsclinic"
4    android:versionCode="3"
5    android:versionName="1.2" >
6
7    <uses-sdk
8        android:minSdkVersion="24"
8-->src\main\AndroidManifest.xml
9        android:targetSdkVersion="30" />
9-->src\main\AndroidManifest.xml
10
11    <uses-permission android:name="android.permission.ACCESS_NETWORK_STATE" />
11-->src\main\AndroidManifest.xml:6:5-79
11-->src\main\AndroidManifest.xml:6:22-76
12    <uses-permission android:name="android.permission.INTERNET" />
12-->src\main\AndroidManifest.xml:7:5-67
12-->src\main\AndroidManifest.xml:7:22-64
13    <uses-permission android:name="android.permission.CAMERA" />
13-->src\main\AndroidManifest.xml:8:5-65
13-->src\main\AndroidManifest.xml:8:22-62
14    <uses-permission android:name="android.permission.READ_EXTERNAL_STORAGE" />
14-->src\main\AndroidManifest.xml:9:5-80
14-->src\main\AndroidManifest.xml:9:22-77
15    <uses-permission android:name="android.permission.READ_CALENDAR" />
15-->src\main\AndroidManifest.xml:10:5-72
15-->src\main\AndroidManifest.xml:10:22-69
16    <uses-permission android:name="android.permission.READ_PHONE_STATE" />
16-->src\main\AndroidManifest.xml:11:5-75
16-->src\main\AndroidManifest.xml:11:22-72
17    <uses-permission android:name="android.permission.WRITE_CALENDAR" />
17-->src\main\AndroidManifest.xml:12:5-73
17-->src\main\AndroidManifest.xml:12:22-70
18    <uses-permission android:name="android.permission.ACCESS_WIFI_STATE" />
18-->src\main\AndroidManifest.xml:13:5-76
18-->src\main\AndroidManifest.xml:13:22-73
19    <uses-permission android:name="android.permission.WAKE_LOCK" />
19-->[com.google.android.gms:play-services-measurement:18.0.0] AndroidManifest.xml:25:5-68
19-->[com.google.android.gms:play-services-measurement:18.0.0] AndroidManifest.xml:25:22-65
20    <uses-permission android:name="com.google.android.finsky.permission.BIND_GET_INSTALL_REFERRER_SERVICE" /> <!-- Required by older versions of Google Play services to create IID tokens -->
20-->[com.google.android.gms:play-services-measurement:18.0.0] AndroidManifest.xml:26:5-110
20-->[com.google.android.gms:play-services-measurement:18.0.0] AndroidManifest.xml:26:22-107
21    <uses-permission android:name="com.google.android.c2dm.permission.RECEIVE" />
21-->[com.google.firebase:firebase-iid:21.0.1] AndroidManifest.xml:26:5-82
21-->[com.google.firebase:firebase-iid:21.0.1] AndroidManifest.xml:26:22-79
22
23    <application
23-->src\main\AndroidManifest.xml:15:5-67:19
24        android:allowBackup="true"
24-->src\main\AndroidManifest.xml:16:9-35
25        android:appComponentFactory="androidx.core.app.CoreComponentFactory"
25-->[androidx.core:core:1.3.0] AndroidManifest.xml:24:18-86
26        android:debuggable="true"
27        android:extractNativeLibs="false"
28        android:icon="@drawable/ic_launcher"
28-->src\main\AndroidManifest.xml:17:9-45
29        android:label="@string/app_name"
29-->src\main\AndroidManifest.xml:18:9-41
30        android:networkSecurityConfig="@xml/network_security_config"
30-->src\main\AndroidManifest.xml:19:9-69
31        android:roundIcon="@drawable/ic_launcher_foreground"
31-->src\main\AndroidManifest.xml:20:9-61
32        android:supportsRtl="true"
32-->src\main\AndroidManifest.xml:21:9-35
33        android:theme="@style/AppTheme" >
33-->src\main\AndroidManifest.xml:22:9-40
34        <activity android:name="com.juliovazquez.hsclinic.Activities.Paciente.Activity_Ver_Respuestas" />
34-->src\main\AndroidManifest.xml:23:9-90
34-->src\main\AndroidManifest.xml:23:19-78
35        <activity android:name="com.juliovazquez.hsclinic.Activities.Historias.Activity_Preguntas" />
35-->src\main\AndroidManifest.xml:24:9-77
35-->src\main\AndroidManifest.xml:24:19-74
36        <activity
36-->src\main\AndroidManifest.xml:25:9-28:72
37            android:name="com.yalantis.ucrop.UCropActivity"
37-->src\main\AndroidManifest.xml:26:13-60
38            android:screenOrientation="portrait"
38-->src\main\AndroidManifest.xml:27:13-49
39            android:theme="@style/Theme.AppCompat.Light.NoActionBar" />
39-->src\main\AndroidManifest.xml:28:13-69
40        <activity
40-->src\main\AndroidManifest.xml:29:9-31:52
41            android:name="com.juliovazquez.hsclinic.Activities.Agenda.Activity_Detalles_Evento"
41-->src\main\AndroidManifest.xml:30:13-71
42            android:screenOrientation="portrait" />
42-->src\main\AndroidManifest.xml:31:13-49
43        <activity
43-->src\main\AndroidManifest.xml:32:9-34:52
44            android:name="com.juliovazquez.hsclinic.Activities.Paciente.Activity_Menu_Paciente"
44-->src\main\AndroidManifest.xml:33:13-71
45            android:screenOrientation="portrait" />
45-->src\main\AndroidManifest.xml:34:13-49
46        <activity
46-->src\main\AndroidManifest.xml:35:9-37:52
47            android:name="com.juliovazquez.hsclinic.Activities.Usuario.Activity_Menu_Principal"
47-->src\main\AndroidManifest.xml:36:13-71
48            android:screenOrientation="portrait" />
48-->src\main\AndroidManifest.xml:37:13-49
49        <activity
49-->src\main\AndroidManifest.xml:38:9-40:52
50            android:name="com.juliovazquez.hsclinic.Activities.Usuario.Activity_Login"
50-->src\main\AndroidManifest.xml:39:13-62
51            android:screenOrientation="portrait" />
51-->src\main\AndroidManifest.xml:40:13-49
52        <activity
52-->src\main\AndroidManifest.xml:41:9-54:20
53            android:name="com.juliovazquez.hsclinic.Activities.Usuario.Activity_Splash_Screen"
53-->src\main\AndroidManifest.xml:42:13-70
54            android:screenOrientation="portrait" >
54-->src\main\AndroidManifest.xml:43:13-49
55            <intent-filter>
55-->src\main\AndroidManifest.xml:44:13-48:29
56                <action android:name="Activity_Splash_Screen" />
56-->src\main\AndroidManifest.xml:45:17-65
56-->src\main\AndroidManifest.xml:45:25-62
57
58                <category android:name="android.intent.category.DEFAULT" />
58-->src\main\AndroidManifest.xml:47:17-76
58-->src\main\AndroidManifest.xml:47:27-73
59            </intent-filter>
60            <intent-filter>
60-->src\main\AndroidManifest.xml:49:13-53:29
61                <action android:name="android.intent.action.MAIN" />
61-->src\main\AndroidManifest.xml:50:17-69
61-->src\main\AndroidManifest.xml:50:25-66
62
63                <category android:name="android.intent.category.LAUNCHER" />
63-->src\main\AndroidManifest.xml:52:17-77
63-->src\main\AndroidManifest.xml:52:27-74
64            </intent-filter>
65        </activity>
66
67        <service
67-->src\main\AndroidManifest.xml:56:9-62:19
68            android:name="com.juliovazquez.hsclinic.Services.Service_Firebase_Messaging"
68-->src\main\AndroidManifest.xml:57:13-64
69            android:exported="false" >
69-->src\main\AndroidManifest.xml:58:13-37
70            <intent-filter>
70-->src\main\AndroidManifest.xml:59:13-61:29
71                <action android:name="com.google.firebase.MESSAGING_EVENT" />
71-->src\main\AndroidManifest.xml:60:17-78
71-->src\main\AndroidManifest.xml:60:25-75
72            </intent-filter>
73        </service>
74
75        <meta-data
75-->src\main\AndroidManifest.xml:64:9-66:71
76            android:name="com.google.firebase.messaging.default_notification_channel_id"
76-->src\main\AndroidManifest.xml:65:13-89
77            android:value="@string/default_notification_channel_id" />
77-->src\main\AndroidManifest.xml:66:13-68
78        <!--
79             FirebaseMessagingService performs security checks at runtime,
80             but set to not exported to explicitly avoid allowing another app to call it.
81        -->
82        <service
82-->[com.google.firebase:firebase-messaging:21.0.1] AndroidManifest.xml:28:9-35:19
83            android:name="com.google.firebase.messaging.FirebaseMessagingService"
83-->[com.google.firebase:firebase-messaging:21.0.1] AndroidManifest.xml:29:13-82
84            android:directBootAware="true"
84-->[com.google.firebase:firebase-messaging:21.0.1] AndroidManifest.xml:30:13-43
85            android:exported="false" >
85-->[com.google.firebase:firebase-messaging:21.0.1] AndroidManifest.xml:31:13-37
86            <intent-filter android:priority="-500" >
86-->src\main\AndroidManifest.xml:59:13-61:29
87                <action android:name="com.google.firebase.MESSAGING_EVENT" />
87-->src\main\AndroidManifest.xml:60:17-78
87-->src\main\AndroidManifest.xml:60:25-75
88            </intent-filter>
89        </service>
90        <service
90-->[com.google.firebase:firebase-messaging:21.0.1] AndroidManifest.xml:36:9-42:19
91            android:name="com.google.firebase.components.ComponentDiscoveryService"
91-->[com.google.firebase:firebase-messaging:21.0.1] AndroidManifest.xml:37:13-84
92            android:directBootAware="true"
92-->[com.google.firebase:firebase-common:19.5.0] AndroidManifest.xml:35:13-43
93            android:exported="false" >
93-->[com.google.firebase:firebase-messaging:21.0.1] AndroidManifest.xml:38:13-37
94            <meta-data
94-->[com.google.firebase:firebase-messaging:21.0.1] AndroidManifest.xml:39:13-41:85
95                android:name="com.google.firebase.components:com.google.firebase.messaging.FirebaseMessagingRegistrar"
95-->[com.google.firebase:firebase-messaging:21.0.1] AndroidManifest.xml:40:17-119
96                android:value="com.google.firebase.components.ComponentRegistrar" />
96-->[com.google.firebase:firebase-messaging:21.0.1] AndroidManifest.xml:41:17-82
97            <meta-data
97-->[com.google.android.gms:play-services-measurement-api:18.0.0] AndroidManifest.xml:30:13-32:85
98                android:name="com.google.firebase.components:com.google.firebase.analytics.connector.internal.AnalyticsConnectorRegistrar"
98-->[com.google.android.gms:play-services-measurement-api:18.0.0] AndroidManifest.xml:31:17-139
99                android:value="com.google.firebase.components.ComponentRegistrar" />
99-->[com.google.android.gms:play-services-measurement-api:18.0.0] AndroidManifest.xml:32:17-82
100            <meta-data
100-->[com.google.firebase:firebase-iid:21.0.1] AndroidManifest.xml:32:13-34:85
101                android:name="com.google.firebase.components:com.google.firebase.iid.Registrar"
101-->[com.google.firebase:firebase-iid:21.0.1] AndroidManifest.xml:33:17-96
102                android:value="com.google.firebase.components.ComponentRegistrar" />
102-->[com.google.firebase:firebase-iid:21.0.1] AndroidManifest.xml:34:17-82
103            <meta-data
103-->[com.google.firebase:firebase-installations:16.3.5] AndroidManifest.xml:18:13-20:85
104                android:name="com.google.firebase.components:com.google.firebase.installations.FirebaseInstallationsRegistrar"
104-->[com.google.firebase:firebase-installations:16.3.5] AndroidManifest.xml:19:17-127
105                android:value="com.google.firebase.components.ComponentRegistrar" />
105-->[com.google.firebase:firebase-installations:16.3.5] AndroidManifest.xml:20:17-82
106            <meta-data
106-->[com.google.firebase:firebase-datatransport:17.0.10] AndroidManifest.xml:28:13-30:85
107                android:name="com.google.firebase.components:com.google.firebase.datatransport.TransportRegistrar"
107-->[com.google.firebase:firebase-datatransport:17.0.10] AndroidManifest.xml:29:17-115
108                android:value="com.google.firebase.components.ComponentRegistrar" />
108-->[com.google.firebase:firebase-datatransport:17.0.10] AndroidManifest.xml:30:17-82
109            <!--
110                This registrar is not defined in the dynamic-module-support sdk itself to allow non-firebase
111                clients to use it as well, by defining this registrar in their own core/common library.
112            -->
113            <meta-data
113-->[com.google.firebase:firebase-common:19.5.0] AndroidManifest.xml:43:13-45:85
114                android:name="com.google.firebase.components:com.google.firebase.dynamicloading.DynamicLoadingRegistrar"
114-->[com.google.firebase:firebase-common:19.5.0] AndroidManifest.xml:44:17-121
115                android:value="com.google.firebase.components.ComponentRegistrar" />
115-->[com.google.firebase:firebase-common:19.5.0] AndroidManifest.xml:45:17-82
116        </service>
117
118        <receiver
118-->[com.google.android.gms:play-services-measurement:18.0.0] AndroidManifest.xml:29:9-33:20
119            android:name="com.google.android.gms.measurement.AppMeasurementReceiver"
119-->[com.google.android.gms:play-services-measurement:18.0.0] AndroidManifest.xml:30:13-85
120            android:enabled="true"
120-->[com.google.android.gms:play-services-measurement:18.0.0] AndroidManifest.xml:31:13-35
121            android:exported="false" >
121-->[com.google.android.gms:play-services-measurement:18.0.0] AndroidManifest.xml:32:13-37
122        </receiver>
123
124        <service
124-->[com.google.android.gms:play-services-measurement:18.0.0] AndroidManifest.xml:35:9-38:40
125            android:name="com.google.android.gms.measurement.AppMeasurementService"
125-->[com.google.android.gms:play-services-measurement:18.0.0] AndroidManifest.xml:36:13-84
126            android:enabled="true"
126-->[com.google.android.gms:play-services-measurement:18.0.0] AndroidManifest.xml:37:13-35
127            android:exported="false" />
127-->[com.google.android.gms:play-services-measurement:18.0.0] AndroidManifest.xml:38:13-37
128        <service
128-->[com.google.android.gms:play-services-measurement:18.0.0] AndroidManifest.xml:39:9-43:72
129            android:name="com.google.android.gms.measurement.AppMeasurementJobService"
129-->[com.google.android.gms:play-services-measurement:18.0.0] AndroidManifest.xml:40:13-87
130            android:enabled="true"
130-->[com.google.android.gms:play-services-measurement:18.0.0] AndroidManifest.xml:41:13-35
131            android:exported="false"
131-->[com.google.android.gms:play-services-measurement:18.0.0] AndroidManifest.xml:42:13-37
132            android:permission="android.permission.BIND_JOB_SERVICE" />
132-->[com.google.android.gms:play-services-measurement:18.0.0] AndroidManifest.xml:43:13-69
133
134        <receiver
134-->[com.google.firebase:firebase-iid:21.0.1] AndroidManifest.xml:37:9-44:20
135            android:name="com.google.firebase.iid.FirebaseInstanceIdReceiver"
135-->[com.google.firebase:firebase-iid:21.0.1] AndroidManifest.xml:38:13-78
136            android:exported="true"
136-->[com.google.firebase:firebase-iid:21.0.1] AndroidManifest.xml:39:13-36
137            android:permission="com.google.android.c2dm.permission.SEND" >
137-->[com.google.firebase:firebase-iid:21.0.1] AndroidManifest.xml:40:13-73
138            <intent-filter>
138-->[com.google.firebase:firebase-iid:21.0.1] AndroidManifest.xml:41:13-43:29
139                <action android:name="com.google.android.c2dm.intent.RECEIVE" />
139-->[com.google.firebase:firebase-iid:21.0.1] AndroidManifest.xml:42:17-81
139-->[com.google.firebase:firebase-iid:21.0.1] AndroidManifest.xml:42:25-78
140            </intent-filter>
141        </receiver>
142
143        <provider
143-->[com.google.firebase:firebase-common:19.5.0] AndroidManifest.xml:26:9-31:39
144            android:name="com.google.firebase.provider.FirebaseInitProvider"
144-->[com.google.firebase:firebase-common:19.5.0] AndroidManifest.xml:27:13-77
145            android:authorities="com.juliovazquez.hsclinic.firebaseinitprovider"
145-->[com.google.firebase:firebase-common:19.5.0] AndroidManifest.xml:28:13-72
146            android:directBootAware="true"
146-->[com.google.firebase:firebase-common:19.5.0] AndroidManifest.xml:29:13-43
147            android:exported="false"
147-->[com.google.firebase:firebase-common:19.5.0] AndroidManifest.xml:30:13-37
148            android:initOrder="100" />
148-->[com.google.firebase:firebase-common:19.5.0] AndroidManifest.xml:31:13-36
149
150        <activity
150-->[com.google.android.gms:play-services-base:17.0.0] AndroidManifest.xml:23:9-26:75
151            android:name="com.google.android.gms.common.api.GoogleApiActivity"
151-->[com.google.android.gms:play-services-base:17.0.0] AndroidManifest.xml:24:13-79
152            android:exported="false"
152-->[com.google.android.gms:play-services-base:17.0.0] AndroidManifest.xml:25:13-37
153            android:theme="@android:style/Theme.Translucent.NoTitleBar" />
153-->[com.google.android.gms:play-services-base:17.0.0] AndroidManifest.xml:26:13-72
154
155        <meta-data
155-->[com.google.android.gms:play-services-basement:17.0.0] AndroidManifest.xml:23:9-25:69
156            android:name="com.google.android.gms.version"
156-->[com.google.android.gms:play-services-basement:17.0.0] AndroidManifest.xml:24:13-58
157            android:value="@integer/google_play_services_version" />
157-->[com.google.android.gms:play-services-basement:17.0.0] AndroidManifest.xml:25:13-66
158
159        <service
159-->[com.google.android.datatransport:transport-backend-cct:2.3.3] AndroidManifest.xml:29:9-35:19
160            android:name="com.google.android.datatransport.runtime.backends.TransportBackendDiscovery"
160-->[com.google.android.datatransport:transport-backend-cct:2.3.3] AndroidManifest.xml:30:13-103
161            android:exported="false" >
161-->[com.google.android.datatransport:transport-backend-cct:2.3.3] AndroidManifest.xml:31:13-37
162            <meta-data
162-->[com.google.android.datatransport:transport-backend-cct:2.3.3] AndroidManifest.xml:32:13-34:39
163                android:name="backend:com.google.android.datatransport.cct.CctBackendFactory"
163-->[com.google.android.datatransport:transport-backend-cct:2.3.3] AndroidManifest.xml:33:17-94
164                android:value="cct" />
164-->[com.google.android.datatransport:transport-backend-cct:2.3.3] AndroidManifest.xml:34:17-36
165        </service>
166        <service
166-->[com.google.android.datatransport:transport-runtime:2.2.5] AndroidManifest.xml:26:9-30:19
167            android:name="com.google.android.datatransport.runtime.scheduling.jobscheduling.JobInfoSchedulerService"
167-->[com.google.android.datatransport:transport-runtime:2.2.5] AndroidManifest.xml:27:13-117
168            android:exported="false"
168-->[com.google.android.datatransport:transport-runtime:2.2.5] AndroidManifest.xml:28:13-37
169            android:permission="android.permission.BIND_JOB_SERVICE" >
169-->[com.google.android.datatransport:transport-runtime:2.2.5] AndroidManifest.xml:29:13-69
170        </service>
171
172        <receiver
172-->[com.google.android.datatransport:transport-runtime:2.2.5] AndroidManifest.xml:32:9-34:40
173            android:name="com.google.android.datatransport.runtime.scheduling.jobscheduling.AlarmManagerSchedulerBroadcastReceiver"
173-->[com.google.android.datatransport:transport-runtime:2.2.5] AndroidManifest.xml:33:13-132
174            android:exported="false" />
174-->[com.google.android.datatransport:transport-runtime:2.2.5] AndroidManifest.xml:34:13-37
175    </application>
176
177</manifest>